  Compiling CUDA source file gpu_src\SGM.cu...
  
  D:\vs_project\stereo_matching\stereo_matching>"C:\Program Files\NVIDIA GPU Computing Toolkit\CUDA\v9.1\bin\nvcc.exe" -gencode=arch=compute_30,code=\"sm_30,compute_30\" --use-local-env --cl-version 2015 -ccbin "C:\Program Files (x86)\Microsoft Visual Studio 14.0\VC\bin\x86_amd64" -x cu   -I"C:\Program Files\NVIDIA GPU Computing Toolkit\CUDA\v9.1\include"     --keep-dir x64\Debug -maxrregcount=1000000  --machine 64 --compile -cudart shared    -use_fast_math  -Xcompiler "/EHsc /W0 /nologo /O2 /FS /Zi  /MTd /GR-" -o x64\Debug\SGM.cu.obj "D:\vs_project\stereo_matching\stereo_matching\gpu_src\SGM.cu" 
D:/vs_project/stereo_matching/stereo_matching/gpu_src/SGM.cu(137): warning : function "speckle_filter" was declared but never referenced
CUDACOMPILE : ptxas warning : Too big maxrregcount value specified 1000000, will be ignored
D:/vs_project/stereo_matching/stereo_matching/gpu_src/SGM.cu(137): warning : function "speckle_filter" was declared but never referenced
  SGM.cu
cl : 命令行 warning D9007: “/Gm”需要“/Zi 或 /ZI”；选项被忽略
  Solver.cpp
d:\vs_project\stereo_matching\stereo_matching\Solver.h(14): warning C4305: “初始化”: 从“double”到“float”截断
Solver.cpp(31): warning C4244: “=”: 从“double”转换到“float”，可能丢失数据
Solver.cpp(92): warning C4244: “=”: 从“int”转换到“float”，可能丢失数据
Solver.cpp(127): warning C4244: “=”: 从“int”转换到“float”，可能丢失数据
Solver.cpp(154): warning C4244: “return”: 从“double”转换到“float”，可能丢失数据
Solver.cpp(169): warning C4244: “=”: 从“uint64_t”转换到“double”，可能丢失数据
Solver.cpp(175): warning C4244: “return”: 从“double”转换到“float”，可能丢失数据
Solver.cpp(350): warning C4244: “=”: 从“int”转换到“float”，可能丢失数据
Solver.cpp(458): warning C4244: “=”: 从“float”转换到“uchar”，可能丢失数据
Solver.cpp(464): warning C4244: “=”: 从“float”转换到“uchar”，可能丢失数据
Solver.cpp(473): warning C4244: “=”: 从“float”转换到“uchar”，可能丢失数据
  cost.obj : 找到 MSIL .netmodule 或使用 /GL 编译的模块；正在使用 /LTCG 重新启动链接；将 /LTCG 添加到链接命令行以改进链接器性能
LINK : warning LNK4075: 忽略“/INCREMENTAL”(由于“/LTCG”规范)
  正在生成代码
  已完成代码的生成
  stereo_matching.vcxproj -> D:\vs_project\stereo_matching\x64\Debug\stereo_matching.exe
  stereo_matching.vcxproj -> D:\vs_project\stereo_matching\x64\Debug\stereo_matching.pdb (Full PDB)
